This file contains any messages produced by compilers while
running configure, to aid debugging if configure makes a mistake.

It was created by lmfit configure 5:1, which was
generated by GNU Autoconf 2.69.  Invocation command line was

  $ ./configure 

## --------- ##
## Platform. ##
## --------- ##

hostname = pianosa.di.unipi.it
uname -m = x86_64
uname -r = 2.6.32-279.el6.x86_64
uname -s = Linux
uname -v = #1 SMP Fri Jun 22 12:19:21 UTC 2012

/usr/bin/uname -p = unknown
/bin/uname -X     = unknown

/bin/arch              = x86_64
/usr/bin/arch -k       = unknown
/usr/convex/getsysinfo = unknown
/usr/bin/hostinfo      = unknown
/bin/machine           = unknown
/usr/bin/oslevel       = unknown
/bin/universe          = unknown

PATH: /usr/local/gnu/bin
PATH: /usr/lib64/qt-3.3/bin
PATH: /usr/local/bin
PATH: /bin
PATH: /usr/bin
PATH: /usr/local/sbin
PATH: /usr/sbin
PATH: /sbin
PATH: /opt/bin
PATH: /home/mencagli/bin


## ----------- ##
## Core tests. ##
## ----------- ##

configure:2155: checking for a BSD-compatible install
configure:2223: result: /usr/bin/install -c
configure:2234: checking whether build environment is sane
configure:2284: result: yes
configure:2425: checking for a thread-safe mkdir -p
configure:2464: result: /bin/mkdir -p
configure:2477: checking for gawk
configure:2493: found /bin/gawk
configure:2504: result: gawk
configure:2515: checking whether make sets $(MAKE)
configure:2537: result: yes
configure:2646: checking build system type
configure:2660: result: x86_64-unknown-linux-gnu
configure:2680: checking host system type
configure:2693: result: x86_64-unknown-linux-gnu
configure:2734: checking how to print strings
configure:2761: result: printf
configure:2794: checking for style of include used by make
configure:2822: result: GNU
configure:2893: checking for gcc
configure:2909: found /usr/local/gnu/bin/gcc
configure:2920: result: gcc
configure:3149: checking for C compiler version
configure:3158: gcc --version >&5
gcc (GCC) 4.8.1
Copyright (C) 2013 Free Software Foundation, Inc.
This is free software; see the source for copying conditions.  There is NO
warranty; not even for MERCHANTABILITY or FITNESS FOR A PARTICULAR PURPOSE.

configure:3169: $? = 0
configure:3158: gcc -v >&5
Using built-in specs.
COLLECT_GCC=gcc
COLLECT_LTO_WRAPPER=/usr/local/gnu/libexec/gcc/x86_64-unknown-linux-gnu/4.8.1/lto-wrapper
Target: x86_64-unknown-linux-gnu
Configured with: ../../work/gcc-4.8.1/configure --prefix=/usr/local/gnu --enable-__cxa_atexit --enable-threads=posix --enable-shared --enable-languages=c,c++,fortran,objc --enable-clocale=gnu --enable-cloog-backend=isl --disable-bootstrap --disable-multilib --with-local-prefix=/usr/local/gnu --with-mpfr=/usr/local/gnu --with-gmp=/usr/local/gnu --with-mpc=/usr/local/gnu --with-system-zlib
Thread model: posix
gcc version 4.8.1 (GCC) 
configure:3169: $? = 0
configure:3158: gcc -V >&5
gcc: error: unrecognized command line option '-V'
gcc: fatal error: no input files
compilation terminated.
configure:3169: $? = 1
configure:3158: gcc -qversion >&5
gcc: error: unrecognized command line option '-qversion'
gcc: fatal error: no input files
compilation terminated.
configure:3169: $? = 1
configure:3189: checking whether the C compiler works
configure:3211: gcc    conftest.c  >&5
configure:3215: $? = 0
configure:3263: result: yes
configure:3266: checking for C compiler default output file name
configure:3268: result: a.out
configure:3274: checking for suffix of executables
configure:3281: gcc -o conftest    conftest.c  >&5
configure:3285: $? = 0
configure:3307: result: 
configure:3329: checking whether we are cross compiling
configure:3337: gcc -o conftest    conftest.c  >&5
configure:3341: $? = 0
configure:3348: ./conftest
configure:3352: $? = 0
configure:3367: result: no
configure:3372: checking for suffix of object files
configure:3394: gcc -c   conftest.c >&5
configure:3398: $? = 0
configure:3419: result: o
configure:3423: checking whether we are using the GNU C compiler
configure:3442: gcc -c   conftest.c >&5
configure:3442: $? = 0
configure:3451: result: yes
configure:3460: checking whether gcc accepts -g
configure:3480: gcc -c -g  conftest.c >&5
configure:3480: $? = 0
configure:3521: result: yes
configure:3538: checking for gcc option to accept ISO C89
configure:3601: gcc  -c -g -O2  conftest.c >&5
configure:3601: $? = 0
configure:3614: result: none needed
configure:3636: checking dependency style of gcc
configure:3747: result: gcc3
configure:3762: checking for a sed that does not truncate output
configure:3826: result: /bin/sed
configure:3844: checking for grep that handles long lines and -e
configure:3902: result: /bin/grep
configure:3907: checking for egrep
configure:3969: result: /bin/grep -E
configure:3974: checking for fgrep
configure:4036: result: /bin/grep -F
configure:4071: checking for ld used by gcc
configure:4138: result: /usr/local/gnu/x86_64-unknown-linux-gnu/bin/ld
configure:4145: checking if the linker (/usr/local/gnu/x86_64-unknown-linux-gnu/bin/ld) is GNU ld
configure:4160: result: yes
configure:4172: checking for BSD- or MS-compatible name lister (nm)
configure:4221: result: /usr/local/gnu/bin/nm -B
configure:4351: checking the name lister (/usr/local/gnu/bin/nm -B) interface
configure:4358: gcc -c -g -O2  conftest.c >&5
configure:4361: /usr/local/gnu/bin/nm -B "conftest.o"
configure:4364: output
0000000000000000 B some_variable
configure:4371: result: BSD nm
configure:4374: checking whether ln -s works
configure:4378: result: yes
configure:4386: checking the maximum length of command line arguments
configure:4516: result: 1966080
configure:4533: checking whether the shell understands some XSI constructs
configure:4543: result: yes
configure:4547: checking whether the shell understands "+="
configure:4553: result: yes
configure:4588: checking how to convert x86_64-unknown-linux-gnu file names to x86_64-unknown-linux-gnu format
configure:4628: result: func_convert_file_noop
configure:4635: checking how to convert x86_64-unknown-linux-gnu file names to toolchain format
configure:4655: result: func_convert_file_noop
configure:4662: checking for /usr/local/gnu/x86_64-unknown-linux-gnu/bin/ld option to reload object files
configure:4669: result: -r
configure:4743: checking for objdump
configure:4759: found /usr/local/gnu/bin/objdump
configure:4770: result: objdump
configure:4802: checking how to recognize dependent libraries
configure:5000: result: pass_all
configure:5085: checking for dlltool
configure:5115: result: no
configure:5145: checking how to associate runtime and link libraries
configure:5172: result: printf %s\n
configure:5233: checking for ar
configure:5249: found /usr/local/gnu/bin/ar
configure:5260: result: ar
configure:5297: checking for archiver @FILE support
configure:5314: gcc -c -g -O2  conftest.c >&5
configure:5314: $? = 0
configure:5317: ar cru libconftest.a @conftest.lst >&5
configure:5320: $? = 0
configure:5325: ar cru libconftest.a @conftest.lst >&5
ar: conftest.o: No such file or directory
configure:5328: $? = 1
configure:5340: result: @
configure:5398: checking for strip
configure:5414: found /usr/local/gnu/bin/strip
configure:5425: result: strip
configure:5497: checking for ranlib
configure:5513: found /usr/local/gnu/bin/ranlib
configure:5524: result: ranlib
configure:5626: checking command to parse /usr/local/gnu/bin/nm -B output from gcc object
configure:5746: gcc -c -g -O2  conftest.c >&5
configure:5749: $? = 0
configure:5753: /usr/local/gnu/bin/nm -B conftest.o \| sed -n -e 's/^.*[ ]\([ABCDGIRSTW][ABCDGIRSTW]*\)[ ][ ]*\([_A-Za-z][_A-Za-z0-9]*\)$/\1 \2 \2/p' | sed '/ __gnu_lto/d' \> conftest.nm
configure:5756: $? = 0
configure:5822: gcc -o conftest -g -O2   conftest.c conftstm.o >&5
configure:5825: $? = 0
configure:5863: result: ok
configure:5900: checking for sysroot
configure:5930: result: no
configure:6007: gcc -c -g -O2  conftest.c >&5
configure:6010: $? = 0
configure:6186: checking for mt
configure:6216: result: no
configure:6236: checking if : is a manifest tool
configure:6242: : '-?'
configure:6250: result: no
configure:6892: checking how to run the C preprocessor
configure:6923: gcc -E  conftest.c
configure:6923: $? = 0
configure:6937: gcc -E  conftest.c
conftest.c:11:28: fatal error: ac_nonexistent.h: No such file or directory
 #include <ac_nonexistent.h>
                            ^
compilation terminated.
configure:6937: $? = 1
configure: failed program was:
| /* confdefs.h */
| #define PACKAGE_NAME "lmfit"
| #define PACKAGE_TARNAME "lmfit"
| #define PACKAGE_VERSION "5:1"
| #define PACKAGE_STRING "lmfit 5:1"
| #define PACKAGE_BUGREPORT "http://apps.jcns.fz-juelich.de/lmfit"
| #define PACKAGE_URL ""
| #define PACKAGE "lmfit"
| #define VERSION "5:1"
| /* end confdefs.h.  */
| #include <ac_nonexistent.h>
configure:6962: result: gcc -E
configure:6982: gcc -E  conftest.c
configure:6982: $? = 0
configure:6996: gcc -E  conftest.c
conftest.c:11:28: fatal error: ac_nonexistent.h: No such file or directory
 #include <ac_nonexistent.h>
                            ^
compilation terminated.
configure:6996: $? = 1
configure: failed program was:
| /* confdefs.h */
| #define PACKAGE_NAME "lmfit"
| #define PACKAGE_TARNAME "lmfit"
| #define PACKAGE_VERSION "5:1"
| #define PACKAGE_STRING "lmfit 5:1"
| #define PACKAGE_BUGREPORT "http://apps.jcns.fz-juelich.de/lmfit"
| #define PACKAGE_URL ""
| #define PACKAGE "lmfit"
| #define VERSION "5:1"
| /* end confdefs.h.  */
| #include <ac_nonexistent.h>
configure:7025: checking for ANSI C header files
configure:7045: gcc -c -g -O2  conftest.c >&5
configure:7045: $? = 0
configure:7118: gcc -o conftest -g -O2   conftest.c  >&5
configure:7118: $? = 0
configure:7118: ./conftest
configure:7118: $? = 0
configure:7129: result: yes
configure:7142: checking for sys/types.h
configure:7142: gcc -c -g -O2  conftest.c >&5
configure:7142: $? = 0
configure:7142: result: yes
configure:7142: checking for sys/stat.h
configure:7142: gcc -c -g -O2  conftest.c >&5
configure:7142: $? = 0
configure:7142: result: yes
configure:7142: checking for stdlib.h
configure:7142: gcc -c -g -O2  conftest.c >&5
configure:7142: $? = 0
configure:7142: result: yes
configure:7142: checking for string.h
configure:7142: gcc -c -g -O2  conftest.c >&5
configure:7142: $? = 0
configure:7142: result: yes
configure:7142: checking for memory.h
configure:7142: gcc -c -g -O2  conftest.c >&5
configure:7142: $? = 0
configure:7142: result: yes
configure:7142: checking for strings.h
configure:7142: gcc -c -g -O2  conftest.c >&5
configure:7142: $? = 0
configure:7142: result: yes
configure:7142: checking for inttypes.h
configure:7142: gcc -c -g -O2  conftest.c >&5
configure:7142: $? = 0
configure:7142: result: yes
configure:7142: checking for stdint.h
configure:7142: gcc -c -g -O2  conftest.c >&5
configure:7142: $? = 0
configure:7142: result: yes
configure:7142: checking for unistd.h
configure:7142: gcc -c -g -O2  conftest.c >&5
configure:7142: $? = 0
configure:7142: result: yes
configure:7156: checking for dlfcn.h
configure:7156: gcc -c -g -O2  conftest.c >&5
configure:7156: $? = 0
configure:7156: result: yes
configure:7361: checking for objdir
configure:7376: result: .libs
configure:7647: checking if gcc supports -fno-rtti -fno-exceptions
configure:7665: gcc -c -g -O2  -fno-rtti -fno-exceptions conftest.c >&5
cc1: warning: command line option '-fno-rtti' is valid for C++/ObjC++ but not for C [enabled by default]
configure:7669: $? = 0
configure:7682: result: no
configure:8009: checking for gcc option to produce PIC
configure:8016: result: -fPIC -DPIC
configure:8024: checking if gcc PIC flag -fPIC -DPIC works
configure:8042: gcc -c -g -O2  -fPIC -DPIC -DPIC conftest.c >&5
configure:8046: $? = 0
configure:8059: result: yes
configure:8088: checking if gcc static flag -static works
configure:8116: result: no
configure:8131: checking if gcc supports -c -o file.o
configure:8152: gcc -c -g -O2  -o out/conftest2.o conftest.c >&5
configure:8156: $? = 0
configure:8178: result: yes
configure:8186: checking if gcc supports -c -o file.o
configure:8233: result: yes
configure:8266: checking whether the gcc linker (/usr/local/gnu/x86_64-unknown-linux-gnu/bin/ld -m elf_x86_64) supports shared libraries
configure:9423: result: yes
configure:9460: checking whether -lc should be explicitly linked in
configure:9468: gcc -c -g -O2  conftest.c >&5
configure:9471: $? = 0
configure:9486: gcc -shared  -fPIC -DPIC conftest.o  -v -Wl,-soname -Wl,conftest -o conftest 2\>\&1 \| /bin/grep  -lc  \>/dev/null 2\>\&1
configure:9489: $? = 0
configure:9503: result: no
configure:9663: checking dynamic linker characteristics
configure:10163: gcc -o conftest -g -O2   -Wl,-rpath -Wl,/foo conftest.c  >&5
configure:10163: $? = 0
configure:10397: result: GNU/Linux ld.so
configure:10504: checking how to hardcode library paths into programs
configure:10529: result: immediate
configure:11069: checking whether stripping libraries is possible
configure:11074: result: yes
configure:11109: checking if libtool supports shared libraries
configure:11111: result: yes
configure:11114: checking whether to build shared libraries
configure:11135: result: yes
configure:11138: checking whether to build static libraries
configure:11142: result: no
configure:11180: checking for gcc option to accept ISO C99
configure:11329: gcc  -c -g -O2  conftest.c >&5
conftest.c:73:29: error: expected ';', ',' or ')' before 'text'
 test_restrict (ccp restrict text)
                             ^
conftest.c: In function 'main':
conftest.c:127:18: error: expected '=', ',', ';', 'asm' or '__attribute__' before 'newvar'
   char *restrict newvar = "Another string";
                  ^
conftest.c:127:18: error: 'newvar' undeclared (first use in this function)
conftest.c:127:18: note: each undeclared identifier is reported only once for each function it appears in
conftest.c:137:3: error: 'for' loop initial declarations are only allowed in C99 mode
   for (int i = 0; i < ia->datasize; ++i)
   ^
conftest.c:137:3: note: use option -std=c99 or -std=gnu99 to compile your code
configure:11329: $? = 1
configure: failed program was:
| /* confdefs.h */
| #define PACKAGE_NAME "lmfit"
| #define PACKAGE_TARNAME "lmfit"
| #define PACKAGE_VERSION "5:1"
| #define PACKAGE_STRING "lmfit 5:1"
| #define PACKAGE_BUGREPORT "http://apps.jcns.fz-juelich.de/lmfit"
| #define PACKAGE_URL ""
| #define PACKAGE "lmfit"
| #define VERSION "5:1"
| #define STDC_HEADERS 1
| #define HAVE_SYS_TYPES_H 1
| #define HAVE_SYS_STAT_H 1
| #define HAVE_STDLIB_H 1
| #define HAVE_STRING_H 1
| #define HAVE_MEMORY_H 1
| #define HAVE_STRINGS_H 1
| #define HAVE_INTTYPES_H 1
| #define HAVE_STDINT_H 1
| #define HAVE_UNISTD_H 1
| #define HAVE_DLFCN_H 1
| #define LT_OBJDIR ".libs/"
| /* end confdefs.h.  */
| #include <stdarg.h>
| #include <stdbool.h>
| #include <stdlib.h>
| #include <wchar.h>
| #include <stdio.h>
| 
| // Check varargs macros.  These examples are taken from C99 6.10.3.5.
| #define debug(...) fprintf (stderr, __VA_ARGS__)
| #define showlist(...) puts (#__VA_ARGS__)
| #define report(test,...) ((test) ? puts (#test) : printf (__VA_ARGS__))
| static void
| test_varargs_macros (void)
| {
|   int x = 1234;
|   int y = 5678;
|   debug ("Flag");
|   debug ("X = %d\n", x);
|   showlist (The first, second, and third items.);
|   report (x>y, "x is %d but y is %d", x, y);
| }
| 
| // Check long long types.
| #define BIG64 18446744073709551615ull
| #define BIG32 4294967295ul
| #define BIG_OK (BIG64 / BIG32 == 4294967297ull && BIG64 % BIG32 == 0)
| #if !BIG_OK
|   your preprocessor is broken;
| #endif
| #if BIG_OK
| #else
|   your preprocessor is broken;
| #endif
| static long long int bignum = -9223372036854775807LL;
| static unsigned long long int ubignum = BIG64;
| 
| struct incomplete_array
| {
|   int datasize;
|   double data[];
| };
| 
| struct named_init {
|   int number;
|   const wchar_t *name;
|   double average;
| };
| 
| typedef const char *ccp;
| 
| static inline int
| test_restrict (ccp restrict text)
| {
|   // See if C++-style comments work.
|   // Iterate through items via the restricted pointer.
|   // Also check for declarations in for loops.
|   for (unsigned int i = 0; *(text+i) != '\0'; ++i)
|     continue;
|   return 0;
| }
| 
| // Check varargs and va_copy.
| static void
| test_varargs (const char *format, ...)
| {
|   va_list args;
|   va_start (args, format);
|   va_list args_copy;
|   va_copy (args_copy, args);
| 
|   const char *str;
|   int number;
|   float fnumber;
| 
|   while (*format)
|     {
|       switch (*format++)
| 	{
| 	case 's': // string
| 	  str = va_arg (args_copy, const char *);
| 	  break;
| 	case 'd': // int
| 	  number = va_arg (args_copy, int);
| 	  break;
| 	case 'f': // float
| 	  fnumber = va_arg (args_copy, double);
| 	  break;
| 	default:
| 	  break;
| 	}
|     }
|   va_end (args_copy);
|   va_end (args);
| }
| 
| int
| main ()
| {
| 
|   // Check bool.
|   _Bool success = false;
| 
|   // Check restrict.
|   if (test_restrict ("String literal") == 0)
|     success = true;
|   char *restrict newvar = "Another string";
| 
|   // Check varargs.
|   test_varargs ("s, d' f .", "string", 65, 34.234);
|   test_varargs_macros ();
| 
|   // Check flexible array members.
|   struct incomplete_array *ia =
|     malloc (sizeof (struct incomplete_array) + (sizeof (double) * 10));
|   ia->datasize = 10;
|   for (int i = 0; i < ia->datasize; ++i)
|     ia->data[i] = i * 1.234;
| 
|   // Check named initializers.
|   struct named_init ni = {
|     .number = 34,
|     .name = L"Test wide string",
|     .average = 543.34343,
|   };
| 
|   ni.number = 58;
| 
|   int dynamic_array[ni.number];
|   dynamic_array[ni.number - 1] = 543;
| 
|   // work around unused variable warnings
|   return (!success || bignum == 0LL || ubignum == 0uLL || newvar[0] == 'x'
| 	  || dynamic_array[ni.number - 1] != 543);
| 
|   ;
|   return 0;
| }
configure:11329: gcc -std=gnu99 -c -g -O2  conftest.c >&5
configure:11329: $? = 0
configure:11349: result: -std=gnu99
configure:11361: checking for ANSI C header files
configure:11465: result: yes
configure:11610: creating ./config.status

## ---------------------- ##
## Running config.status. ##
## ---------------------- ##

This file was extended by lmfit config.status 5:1, which was
generated by GNU Autoconf 2.69.  Invocation command line was

  CONFIG_FILES    = 
  CONFIG_HEADERS  = 
  CONFIG_LINKS    = 
  CONFIG_COMMANDS = 
  $ ./config.status 

on pianosa.di.unipi.it

config.status:1082: creating Makefile
config.status:1082: creating lib/Makefile
config.status:1082: creating man/Makefile
config.status:1082: creating demo/Makefile
config.status:1082: creating lmfit.pc
config.status:1082: creating config.h
config.status:1311: executing depfiles commands
config.status:1311: executing libtool commands

## ---------------- ##
## Cache variables. ##
## ---------------- ##

ac_cv_build=x86_64-unknown-linux-gnu
ac_cv_c_compiler_gnu=yes
ac_cv_env_CC_set=
ac_cv_env_CC_value=
ac_cv_env_CFLAGS_set=
ac_cv_env_CFLAGS_value=
ac_cv_env_CPPFLAGS_set=
ac_cv_env_CPPFLAGS_value=
ac_cv_env_CPP_set=
ac_cv_env_CPP_value=
ac_cv_env_LDFLAGS_set=
ac_cv_env_LDFLAGS_value=
ac_cv_env_LIBS_set=
ac_cv_env_LIBS_value=
ac_cv_env_build_alias_set=
ac_cv_env_build_alias_value=
ac_cv_env_host_alias_set=
ac_cv_env_host_alias_value=
ac_cv_env_target_alias_set=
ac_cv_env_target_alias_value=
ac_cv_header_dlfcn_h=yes
ac_cv_header_inttypes_h=yes
ac_cv_header_memory_h=yes
ac_cv_header_stdc=yes
ac_cv_header_stdint_h=yes
ac_cv_header_stdlib_h=yes
ac_cv_header_string_h=yes
ac_cv_header_strings_h=yes
ac_cv_header_sys_stat_h=yes
ac_cv_header_sys_types_h=yes
ac_cv_header_unistd_h=yes
ac_cv_host=x86_64-unknown-linux-gnu
ac_cv_objext=o
ac_cv_path_EGREP='/bin/grep -E'
ac_cv_path_FGREP='/bin/grep -F'
ac_cv_path_GREP=/bin/grep
ac_cv_path_SED=/bin/sed
ac_cv_path_install='/usr/bin/install -c'
ac_cv_path_mkdir=/bin/mkdir
ac_cv_prog_AWK=gawk
ac_cv_prog_CPP='gcc -E'
ac_cv_prog_ac_ct_AR=ar
ac_cv_prog_ac_ct_CC=gcc
ac_cv_prog_ac_ct_OBJDUMP=objdump
ac_cv_prog_ac_ct_RANLIB=ranlib
ac_cv_prog_ac_ct_STRIP=strip
ac_cv_prog_cc_c89=
ac_cv_prog_cc_c99=-std=gnu99
ac_cv_prog_cc_g=yes
ac_cv_prog_make_make_set=yes
am_cv_CC_dependencies_compiler_type=gcc3
lt_cv_ar_at_file=@
lt_cv_archive_cmds_need_lc=no
lt_cv_deplibs_check_method=pass_all
lt_cv_file_magic_cmd='$MAGIC_CMD'
lt_cv_file_magic_test_file=
lt_cv_ld_reload_flag=-r
lt_cv_nm_interface='BSD nm'
lt_cv_objdir=.libs
lt_cv_path_LD=/usr/local/gnu/x86_64-unknown-linux-gnu/bin/ld
lt_cv_path_NM='/usr/local/gnu/bin/nm -B'
lt_cv_path_mainfest_tool=no
lt_cv_prog_compiler_c_o=yes
lt_cv_prog_compiler_pic='-fPIC -DPIC'
lt_cv_prog_compiler_pic_works=yes
lt_cv_prog_compiler_rtti_exceptions=no
lt_cv_prog_compiler_static_works=no
lt_cv_prog_gnu_ld=yes
lt_cv_sharedlib_from_linklib_cmd='printf %s\n'
lt_cv_shlibpath_overrides_runpath=no
lt_cv_sys_global_symbol_pipe='sed -n -e '\''s/^.*[	 ]\([ABCDGIRSTW][ABCDGIRSTW]*\)[	 ][	 ]*\([_A-Za-z][_A-Za-z0-9]*\)$/\1 \2 \2/p'\'' | sed '\''/ __gnu_lto/d'\'''
lt_cv_sys_global_symbol_to_c_name_address='sed -n -e '\''s/^: \([^ ]*\)[ ]*$/  {\"\1\", (void *) 0},/p'\'' -e '\''s/^[ABCDGIRSTW]* \([^ ]*\) \([^ ]*\)$/  {"\2", (void *) \&\2},/p'\'''
lt_cv_sys_global_symbol_to_c_name_address_lib_prefix='sed -n -e '\''s/^: \([^ ]*\)[ ]*$/  {\"\1\", (void *) 0},/p'\'' -e '\''s/^[ABCDGIRSTW]* \([^ ]*\) \(lib[^ ]*\)$/  {"\2", (void *) \&\2},/p'\'' -e '\''s/^[ABCDGIRSTW]* \([^ ]*\) \([^ ]*\)$/  {"lib\2", (void *) \&\2},/p'\'''
lt_cv_sys_global_symbol_to_cdecl='sed -n -e '\''s/^T .* \(.*\)$/extern int \1();/p'\'' -e '\''s/^[ABCDGIRSTW]* .* \(.*\)$/extern char \1;/p'\'''
lt_cv_sys_max_cmd_len=1966080
lt_cv_to_host_file_cmd=func_convert_file_noop
lt_cv_to_tool_file_cmd=func_convert_file_noop

## ----------------- ##
## Output variables. ##
## ----------------- ##

ACLOCAL='${SHELL} /home/mencagli/HLPP_patterns/lmfit-5.1/build-aux/missing --run aclocal-1.11'
AMDEPBACKSLASH='\'
AMDEP_FALSE='#'
AMDEP_TRUE=''
AMTAR='$${TAR-tar}'
AM_CFLAGS='-g -pedantic -Wall -Werror'
AR='ar'
AUTOCONF='${SHELL} /home/mencagli/HLPP_patterns/lmfit-5.1/build-aux/missing --run autoconf'
AUTOHEADER='${SHELL} /home/mencagli/HLPP_patterns/lmfit-5.1/build-aux/missing --run autoheader'
AUTOMAKE='${SHELL} /home/mencagli/HLPP_patterns/lmfit-5.1/build-aux/missing --run automake-1.11'
AWK='gawk'
CC='gcc -std=gnu99'
CCDEPMODE='depmode=gcc3'
CFLAGS='-g -O2'
CPP='gcc -E'
CPPFLAGS=''
CYGPATH_W='echo'
DEFS='-DHAVE_CONFIG_H'
DEPDIR='.deps'
DLLTOOL='false'
DSYMUTIL=''
DUMPBIN=''
ECHO_C=''
ECHO_N='-n'
ECHO_T=''
EGREP='/bin/grep -E'
EXEEXT=''
FGREP='/bin/grep -F'
GREP='/bin/grep'
INSTALL_DATA='${INSTALL} -m 644'
INSTALL_PROGRAM='${INSTALL}'
INSTALL_SCRIPT='${INSTALL}'
INSTALL_STRIP_PROGRAM='$(install_sh) -c -s'
LD='/usr/local/gnu/x86_64-unknown-linux-gnu/bin/ld -m elf_x86_64'
LDFLAGS=''
LIBOBJS=''
LIBS=''
LIBTOOL='$(SHELL) $(top_builddir)/libtool'
LIPO=''
LN_S='ln -s'
LTLIBOBJS=''
MAKEINFO='${SHELL} /home/mencagli/HLPP_patterns/lmfit-5.1/build-aux/missing --run makeinfo'
MANIFEST_TOOL=':'
MKDIR_P='/bin/mkdir -p'
NM='/usr/local/gnu/bin/nm -B'
NMEDIT=''
OBJDUMP='objdump'
OBJEXT='o'
OTOOL64=''
OTOOL=''
PACKAGE='lmfit'
PACKAGE_BUGREPORT='http://apps.jcns.fz-juelich.de/lmfit'
PACKAGE_NAME='lmfit'
PACKAGE_STRING='lmfit 5:1'
PACKAGE_TARNAME='lmfit'
PACKAGE_URL=''
PACKAGE_VERSION='5:1'
PATH_SEPARATOR=':'
RANLIB='ranlib'
SED='/bin/sed'
SET_MAKE=''
SHELL='/bin/sh'
STRIP='strip'
VERSION='5:1'
ac_ct_AR='ar'
ac_ct_CC='gcc'
ac_ct_DUMPBIN=''
am__EXEEXT_FALSE=''
am__EXEEXT_TRUE='#'
am__fastdepCC_FALSE='#'
am__fastdepCC_TRUE=''
am__include='include'
am__isrc=''
am__leading_dot='.'
am__nodep='_no'
am__quote=''
am__tar='$${TAR-tar} chof - "$$tardir"'
am__untar='$${TAR-tar} xf -'
bindir='${exec_prefix}/bin'
build='x86_64-unknown-linux-gnu'
build_alias=''
build_cpu='x86_64'
build_os='linux-gnu'
build_vendor='unknown'
datadir='${datarootdir}'
datarootdir='${prefix}/share'
docdir='${datarootdir}/doc/${PACKAGE_TARNAME}'
dvidir='${docdir}'
exec_prefix='${prefix}'
host='x86_64-unknown-linux-gnu'
host_alias=''
host_cpu='x86_64'
host_os='linux-gnu'
host_vendor='unknown'
htmldir='${docdir}'
includedir='${prefix}/include'
infodir='${datarootdir}/info'
install_sh='${SHELL} /home/mencagli/HLPP_patterns/lmfit-5.1/build-aux/install-sh'
libdir='${exec_prefix}/lib'
libexecdir='${exec_prefix}/libexec'
localedir='${datarootdir}/locale'
localstatedir='${prefix}/var'
mandir='${datarootdir}/man'
mkdir_p='/bin/mkdir -p'
oldincludedir='/usr/include'
pdfdir='${docdir}'
prefix='/usr/local'
program_transform_name='s,x,x,'
psdir='${docdir}'
sbindir='${exec_prefix}/sbin'
sharedstatedir='${prefix}/com'
sysconfdir='${prefix}/etc'
target_alias=''

## ----------- ##
## confdefs.h. ##
## ----------- ##

/* confdefs.h */
#define PACKAGE_NAME "lmfit"
#define PACKAGE_TARNAME "lmfit"
#define PACKAGE_VERSION "5:1"
#define PACKAGE_STRING "lmfit 5:1"
#define PACKAGE_BUGREPORT "http://apps.jcns.fz-juelich.de/lmfit"
#define PACKAGE_URL ""
#define PACKAGE "lmfit"
#define VERSION "5:1"
#define STDC_HEADERS 1
#define HAVE_SYS_TYPES_H 1
#define HAVE_SYS_STAT_H 1
#define HAVE_STDLIB_H 1
#define HAVE_STRING_H 1
#define HAVE_MEMORY_H 1
#define HAVE_STRINGS_H 1
#define HAVE_INTTYPES_H 1
#define HAVE_STDINT_H 1
#define HAVE_UNISTD_H 1
#define HAVE_DLFCN_H 1
#define LT_OBJDIR ".libs/"
#define STDC_HEADERS 1

configure: exit 0
